"../../../Engine/Content/EditorResources/S_Actor.uasset" 0
"../../../Engine/Content/EngineResources/AICON-Red.uasset" 1
"../../../Engine/Content/EngineResources/AICON-Green.uasset" 2
"../../../Engine/Content/EngineFonts/Roboto.uasset" 3
"../../../Engine/Content/Functions/Engine_MaterialFunctions01/Shading/PowerToRoughness.uasset" 4
"../../../Engine/Content/Functions/Engine_MaterialFunctions01/Shading/ConvertFromDiffSpec.uasset" 5
"../../../Engine/Content/EngineMaterials/DefaultDiffuse.uasset" 6
"../../../Engine/Content/EngineMaterials/DefaultDeferredDecalMaterial.uasset" 7
"../../../Engine/Content/EngineMaterials/DefaultLightFunctionMaterial.uasset" 8
"../../../Engine/Content/Functions/Engine_MaterialFunctions02/Utility/BreakOutFloat2Components.uasset" 9
"../../../Engine/Content/EngineMaterials/DefaultPostProcessMaterial.uasset" 10
"../../../Engine/Content/EngineResources/DefaultTexture.uasset" 11
"../../../Engine/Content/Functions/Engine_MaterialFunctions01/Texturing/ScaleUVsByCenter.uasset" 12
"../../../Engine/Content/Functions/Engine_MaterialFunctions02/ScreenResolution.uasset" 13
"../../../Engine/Content/Functions/Engine_MaterialFunctions02/Texturing/ScreenAlignedUVs.uasset" 14
"../../../Engine/Content/EngineResources/WhiteSquareTexture.uasset" 15
"../../../Engine/Content/EngineMaterials/Widget3DPassThrough.uasset" 16
"../../../Engine/Content/EngineMaterials/Widget3DPassThrough_Translucent.uasset" 17
"../../../Engine/Content/EngineMaterials/Widget3DPassThrough_Translucent_OneSided.uasset" 18
"../../../Engine/Content/EngineMaterials/Widget3DPassThrough_Opaque.uasset" 19
"../../../Engine/Content/EngineMaterials/Widget3DPassThrough_Opaque_OneSided.uasset" 20
"../../../Engine/Content/EngineMaterials/Widget3DPassThrough_Masked.uasset" 21
"../../../Engine/Content/EngineMaterials/Widget3DPassThrough_Masked_OneSided.uasset" 22
"../../../Engine/Content/Maps/Templates/Thumbnails/Default.uasset" 23
"../../../Engine/Content/Maps/Templates/Thumbnails/VR-Basic.uasset" 24
"../../../Engine/Content/EditorMaterials/ParticleSystems/PSysThumbnail_NoImage.uasset" 25
"../../../Engine/Content/EditorMaterials/ParticleSystems/PSysThumbnail_OOD.uasset" 26
"../../../Engine/Content/EditorLandscapeResources/DataLayer.uasset" 27
"../../../Engine/Content/EngineDamageTypes/DmgTypeBP_Environmental.uasset" 28
"../../../Engine/Content/EngineMeshes/Sphere.uasset" 29
"../../../Engine/Content/EngineFonts/RobotoDistanceField.uasset" 30
"../../../Engine/Content/EngineMaterials/DefaultTextMaterialOpaque.uasset" 31
"../../../Engine/Content/EditorResources/S_Trigger.uasset" 32
"../../../Engine/Content/EngineResources/GradientTexture0.uasset" 33
"../../../Engine/Content/EngineResources/Black.uasset" 34
"../../../Engine/Content/EditorMaterials/MatineeGroups/MAT_Groups_Float.uasset" 35
"../../../Engine/Content/EditorMaterials/MatineeGroups/MAT_Groups_Director.uasset" 36
"../../../Engine/Content/EditorMaterials/MatineeGroups/MAT_Groups_Event.uasset" 37
"../../../Engine/Content/EditorMaterials/MatineeGroups/MAT_Groups_Anim.uasset" 38
"../../../Engine/Content/EditorMaterials/MatineeGroups/MAT_Groups_Fade.uasset" 39
"../../../Engine/Content/EditorMaterials/MatineeGroups/MAT_Groups_Move.uasset" 40
"../../../Engine/Content/EditorMaterials/MatineeGroups/MAT_Groups_Slomo.uasset" 41
"../../../Engine/Content/EditorMaterials/MatineeGroups/MAT_ColorTrack.uasset" 42
"../../../Engine/Content/EditorMaterials/MAT_Groups_Toggle.uasset" 43
"../../../Engine/Content/EditorMaterials/MatineeGroups/MAT_Groups_AudioMaster.uasset" 44
"../../../Engine/Content/EditorMaterials/MatineeGroups/MAT_Groups_Sound.uasset" 45
"../../../Engine/Content/EditorMaterials/MatineeGroups/MAT_Groups_Vector.uasset" 46
"../../../Engine/Content/EditorMaterials/MAT_Groups_Visibility.uasset" 47
"../../../Engine/Content/EngineResources/DefaultTextureCube.uasset" 48
"../../../Engine/Content/Functions/Engine_MaterialFunctions01/Opacity/CameraDepthFade.uasset" 49
"../../../Engine/Content/EngineMaterials/T_Default_Material_Grid_M.uasset" 50
"../../../Engine/Content/EngineMaterials/T_Default_Material_Grid_N.uasset" 51
"../../../Engine/Content/EngineMaterials/DefaultMaterial.uasset" 52
"../../../Engine/Content/EngineMeshes/Cylinder.uasset" 53
"../../../Engine/Content/EngineTireTypes/DefaultTireType.uasset" 54
"../../../Engine/Content/EditorMaterials/Camera/CineMat.uasset" 55
"../../../Engine/Content/EditorMaterials/Camera/MI_CineMat_Rig.uasset" 56
"../../../Engine/Content/EditorMeshes/Camera/SM_CraneRig_Base.uasset" 57
"../../../Engine/Content/EditorMeshes/Camera/SM_CraneRig_Arm.uasset" 58
"../../../Engine/Content/EditorMeshes/Camera/SM_CraneRig_Mount.uasset" 59
"../../../Engine/Content/EditorMeshes/Camera/SM_CraneRig_Body.uasset" 60
"../../../Engine/Content/EditorMeshes/Camera/SM_RailRig_Track.uasset" 61
"../../../Engine/Content/EditorMeshes/Camera/SM_RailRig_Mount.uasset" 62
"../../../Engine/Content/VREditor/LaserPointer/VR_LaserPower_01.uasset" 63
"../../../Engine/Content/VREditor/TransformGizmo/TransformGizmoMaterial.uasset" 64
"../../../Engine/Content/VREditor/TransformGizmo/TranslucentTransformGizmoMaterial.uasset" 65
"../../../Engine/Content/VREditor/TransformGizmo/TranslationHandle.uasset" 66
"../../../Engine/Content/VREditor/TransformGizmo/PlaneTranslationHandle.uasset" 67
"../../../Engine/Content/VREditor/TransformGizmo/RotationHandle.uasset" 68
"../../../Engine/Content/VREditor/TransformGizmo/StretchingHandle.uasset" 69
"../../../Engine/Content/VREditor/TransformGizmo/BoundingBoxCorner.uasset" 70
"../../../Engine/Content/VREditor/TransformGizmo/BoundingBoxEdge.uasset" 71
"../../../Engine/Content/VREditor/TransformGizmo/UniformScaleHandle.uasset" 72
"../../../Engine/Content/VREditor/FloatingText/LineMaterial.uasset" 73
"../../../Engine/Content/VREditor/FloatingText/LineSegmentCylinder.uasset" 74
"../../../Engine/Content/VREditor/FloatingText/JointSphere.uasset" 75
"../../../Engine/Content/VREditor/Fonts/VRText_RobotoLarge.uasset" 76
"../../../Engine/Content/VREditor/Fonts/VRTextMaterial.uasset" 77
"../../../Engine/Content/VREditor/Fonts/TranslucentVRTextMaterial.uasset" 78
"../../../Engine/Content/VREditor/UI/SelectionBarMesh.uasset" 79
"../../../Engine/Content/VREditor/UI/CloseButtonMesh.uasset" 80
"../../../Engine/Content/Tutorial/Basics/TutorialAssets/icon_tab_Levels_40x.uasset" 81
"../../../Engine/Content/Tutorial/BlueprintTutorials/TutorialAssets/Blueprint_64x.uasset" 82
"../../../Engine/Content/Tutorial/ContentIntroCurve.uasset" 83
"../../../Engine/Plugins/2D/Paper2D/Content/PlaceholderTextures/DummySpriteTexture.uasset" 84
"../../../Engine/Plugins/2D/Paper2D/Content/DefaultSpriteMaterial.uasset" 85
"../../../Engine/Plugins/2D/Paper2D/Content/MaskedUnlitSpriteMaterial.uasset" 86
"../../../Engine/Plugins/2D/Paper2D/Content/OpaqueUnlitSpriteMaterial.uasset" 87
"../../../Engine/Plugins/2D/Paper2D/Content/DummySprite.uasset" 88
"../../../Engine/Plugins/2D/Paper2D/Content/DefaultPaperTerrainMaterial.uasset" 89
"../../../Engine/Content/EngineMaterials/RemoveSurfaceMaterial.uasset" 90
"../../../Engine/Content/EngineDebugMaterials/DebugMeshMaterial.uasset" 91
"../../../Engine/Content/EngineMaterials/InvalidLightmapSettings.uasset" 92
"../../../Engine/Content/EngineMaterials/M_InvalidLightmapSettings.uasset" 93
"../../../Engine/Content/EditorMaterials/GizmoMaterial.uasset" 94
"../../../Engine/Content/EngineMaterials/Good64x64TilingNoiseHighFreq.uasset" 95
"../../../Engine/Content/EngineMaterials/DefaultBokeh.uasset" 96
"../../../Engine/Content/EngineMaterials/PreintegratedSkinBRDF.uasset" 97
"../../../Engine/Content/EngineMaterials/MiniFont.uasset" 98
"../../../Engine/Content/EngineMaterials/WeightMapPlaceholderTexture.uasset" 99
"../../../Engine/Content/EngineMaterials/DefaultWhiteGrid.uasset" 100
"../../../Engine/Content/EngineMaterials/DefaultPhysicalMaterial.uasset" 101
"../../../Engine/Content/EngineFonts/RobotoTiny.uasset" 102
"../../../Engine/Content/EditorSounds/Notifications/CompileSuccess.uasset" 103
"../../../Engine/Content/EditorSounds/Notifications/CompileStart_Cue.uasset" 104
"../../../Engine/Content/EditorSounds/Notifications/CompileSuccess_Cue.uasset" 105
"../../../Engine/Content/EditorSounds/Notifications/CompileFailed.uasset" 106
"../../../Engine/Content/EditorSounds/Notifications/CompileFailed_Cue.uasset" 107
"../../../RobCogWeb/Content/StaticMeshes/Misc/Tools/Icons/Bowl.uasset" 108
"../../../RobCogWeb/Content/StaticMeshes/Misc/Tools/Icons/Cup.uasset" 109
"../../../Engine/Content/MobileResources/HUD/MobileHUDButton1_off.uasset" 110
"../../../RobCogWeb/Content/StaticMeshes/Items/ItemTextures/Vollmilch2.uasset" 111
"../../../RobCogWeb/Content/StaticMeshes/Items/ItemTextures/Texture_003_001.uasset" 112
"../../../RobCogWeb/Content/StaticMeshes/Items/Consumables/VollMilch.uasset" 113
"../../../RobCogWeb/Content/StaticMeshes/Misc/Tools/Icons/pan.uasset" 114
"../../../Engine/Content/EditorResources/S_KHinge.uasset" 115
"../../../Engine/Content/EditorResources/S_KPrismatic.uasset" 116
"../../../Engine/Content/EditorResources/EmptyActor.uasset" 117
"../../../RobCogWeb/Content/StaticMeshes/Items/ItemTextures/edge_color000255.uasset" 118
"../../../Engine/Content/MobileResources/HUD/MobileHUDButton3.uasset" 119
"../../../Engine/Content/MobileResources/HUD/MobileHUDButton1_on.uasset" 120
"../../../Engine/Content/MobileResources/HUD/MobileHUDDirectionPad3.uasset" 121
"../../../RobCogWeb/Content/StaticMeshes/Misc/Tools/Icons/RedCup.uasset" 122
"../../../Engine/Content/MobileResources/HUD/MobileHUDButtonFire.uasset" 123
"../../../Engine/Content/MobileResources/HUD/MobileHUDDirectionPad.uasset" 124
"../../../Engine/Content/MobileResources/T_MobileControls_texture.uasset" 125
"../../../Engine/Content/MobileResources/HUD/MobileHUDButton2_on.uasset" 126
"../../../Engine/Content/MobileResources/HUD/MobileHUDButton2_off.uasset" 127
"../../../RobCogWeb/Content/Textures/T_UniLogo.uasset" 128
"../../../Engine/Content/MobileResources/T_MobileMenu2.uasset" 129
"../../../RobCogWeb/Content/Textures/T_AILogo.uasset" 130
"../../../Engine/Content/MobileResources/HUD/MobileHUDDirectionStick.uasset" 131
"../../../Engine/Content/MobileResources/HUD/AnalogHat.uasset" 132
"../../../Engine/Content/MobileResources/HUD/VirtualJoystick_Background.uasset" 133
"../../../Engine/Content/MobileResources/HUD/VirtualJoystick_Thumb.uasset" 134
"../../../Engine/Content/MobileResources/HUD/DefaultVirtualJoysticks.uasset" 135
"../../../Engine/Content/MobileResources/HUD/LeftVirtualJoystickOnly.uasset" 136
"../../../Engine/Content/MobileResources/HUD/T_Castle_ThumbstickInner.uasset" 137
"../../../Engine/Content/MobileResources/HUD/T_Castle_ThumbstickOutter.uasset" 138
"../../../RobCogWeb/Content/Textures/T_OfficeWallsNormalMap.uasset" 139
"../../../RobCogWeb/Content/Materials/M_OfficeWalls.uasset" 140
"../../../Engine/Content/BasicShapes/Cone.uasset" 141
"../../../Engine/Content/EngineMaterials/WorldGridMaterial.uasset" 142
"../../../Engine/Content/BasicShapes/Cube.uasset" 143
"../../../Engine/Content/BasicShapes/Cylinder.uasset" 144
"../../../Engine/Content/BasicShapes/Sphere.uasset" 145
"../../../Engine/Content/EditorMaterials/PhAT_JointLimitMaterial.uasset" 146
"../../../Engine/Content/EditorMaterials/PreviewShadowIndicator.uasset" 147
"../../../Engine/Content/EditorMaterials/PreviewShadowIndicatorMaterial.uasset" 148
"../../../Engine/Content/EditorMeshes/ColorCalibrator/M_ChromeBall.uasset" 149
"../../../Engine/Content/EditorMeshes/ColorCalibrator/M_ClearCoat.uasset" 150
"../../../Engine/Content/EditorMeshes/ColorCalibrator/M_ClearCoatBlack.uasset" 151
"../../../Engine/Content/EditorMeshes/ColorCalibrator/T_ColorGrid.uasset" 152
"../../../Engine/Content/EditorMeshes/ColorCalibrator/M_ColorGrid.uasset" 153
"../../../Engine/Content/EditorMeshes/ColorCalibrator/M_GreyBall.uasset" 154
"../../../Engine/Content/EditorMeshes/ColorCalibrator/SM_ColorCalibrator.uasset" 155
"../../../Engine/Content/EditorResources/BSPVertex.uasset" 156
"../../../Engine/Content/EngineDebugMaterials/HeatmapGradient.uasset" 157
"../../../Engine/Content/EngineDebugMaterials/BoneWeightMaterial.uasset" 158
"../../../Engine/Content/EngineDebugMaterials/GeomMaterial.uasset" 159
"../../../Engine/Content/EngineMaterials/EditorBrushMaterial.uasset" 160
"../../../Engine/Content/EngineMeshes/Cube.uasset" 161
"../../../Engine/Content/MobileResources/HUD/MobileHUDDirectionPad2.uasset" 162
"../../../Engine/Content/Tutorial/BlueprintTutorials/TutorialAssets/BlueprintInterface_64x.uasset" 163
"../../../Engine/Content/Tutorial/BlueprintTutorials/TutorialAssets/BlueprintMacroLibrary_64x.uasset" 164
"../../../Engine/Content/Tutorial/BlueprintTutorials/TutorialAssets/Tutorial_BP_Interface.uasset" 165
"../../../Engine/Content/Tutorial/Foliage/TutorialAssets/Foliage.uasset" 166
"../../../Engine/Content/Tutorial/Landscape/TutorialAssets/Landscape.uasset" 167
"../../../Engine/Content/Tutorial/Paper2D/TutorialAssets/Paper2DFlipbook_TutorialIcon.uasset" 168
"../../../Engine/Content/Tutorial/Paper2D/TutorialAssets/Paper2DSprite_TutorialIcon.uasset" 169
"../../../Engine/Content/Tutorial/SubEditors/TutorialAssets/icon_Editor_Preferences_General_40x.uasset" 170
"../../../Engine/Content/Tutorial/SubEditors/TutorialAssets/icon_ShowSkeletalMeshes_40x.uasset" 171
"../../../Engine/Content/Tutorial/SubEditors/TutorialAssets/TutorialMaterial.uasset" 172
"../../../Engine/Content/Tutorial/SubEditors/TutorialAssets/T_SmokeSubUV_8X8.uasset" 173
"../../../Engine/Content/Tutorial/SubEditors/TutorialAssets/T_soft_smoke.uasset" 174
"../../../Engine/Content/Tutorial/SubEditors/TutorialAssets/M_smoke_subUV_blackbody.uasset" 175
"../../../Engine/Content/Tutorial/SubEditors/TutorialAssets/TutorialParticleSystem.uasset" 176
"../../../Engine/Content/EditorMeshes/EditorCube.uasset" 177
"../../../Engine/Content/Tutorial/SubEditors/TutorialAssets/Tutorial_DM.uasset" 178
"../../../RobCogWeb/Content/Materials/M_Basic_Wall.uasset" 179
"../../../RobCogWeb/Content/Materials/M_Transparent.uasset" 180
"../../../RobCogWeb/Content/Materials/M_TransparentMax.uasset" 181
"../../../RobCogWeb/Content/Materials/M_WallNormalMap.uasset" 182
"../../../RobCogWeb/Content/StaticMeshes/Items/ItemTextures/salt_small.uasset" 183
"../../../RobCogWeb/Content/StaticMeshes/Items/ItemTextures/m1.uasset" 184
"../../../RobCogWeb/Content/StaticMeshes/Items/Consumables/JodSalz.uasset" 185
"../../../RobCogWeb/Content/StaticMeshes/Items/ItemTextures/cornflakes_small.uasset" 186
"../../../RobCogWeb/Content/StaticMeshes/Items/ItemTextures/m1_001.uasset" 187
"../../../RobCogWeb/Content/StaticMeshes/Items/Consumables/KelloggsCornFlakes.uasset" 188
"../../../RobCogWeb/Content/StaticMeshes/Items/ItemTextures/lion_small.uasset" 189
"../../../RobCogWeb/Content/StaticMeshes/Items/ItemTextures/m1_002.uasset" 190
"../../../RobCogWeb/Content/StaticMeshes/Items/Consumables/LionCereal.uasset" 191
"../../../RobCogWeb/Content/StaticMeshes/Items/ItemTextures/pfanner_grune_icetea.uasset" 192
"../../../RobCogWeb/Content/StaticMeshes/Items/ItemTextures/Texture_017.uasset" 193
"../../../RobCogWeb/Content/StaticMeshes/Items/Consumables/PfannerGruneIcetea.uasset" 194
"../../../RobCogWeb/Content/StaticMeshes/Items/ItemTextures/cup_eco_orange.uasset" 195
"../../../RobCogWeb/Content/StaticMeshes/Items/ItemTextures/Texture_008.uasset" 196
"../../../RobCogWeb/Content/StaticMeshes/Items/Silverware/CupEcoOrange.uasset" 197
"../../../RobCogWeb/Content/Materials/M_SurgeryMetal.uasset" 198
"../../../RobCogWeb/Content/StaticMeshes/Items/Silverware/Fork.uasset" 199
"../../../RobCogWeb/Content/StaticMeshes/Misc/Tools/Icons/Bottle.uasset" 200
"../../../RobCogWeb/Content/StaticMeshes/Misc/Tools/Icons/spatula.uasset" 201
"../../../RobCogWeb/Content/StaticMeshes/Misc/Tools/Icons/Spoon.uasset" 202
"../../../Engine/Content/EditorBlueprintResources/StandardMacros.uasset" 203
"../../../Engine/Content/EngineSky/C_Sky_Cloud_Color.uasset" 204
"../../../Engine/Content/EngineSky/C_Sky_Horizon_Color.uasset" 205
"../../../Engine/Content/EngineSky/C_Sky_Zenith_Color.uasset" 206
"../../../Engine/Content/EngineSky/T_Sky_Blue.uasset" 207
"../../../Engine/Content/EngineSky/T_Sky_Clouds_M.uasset" 208
"../../../Engine/Content/EngineSky/T_Sky_Stars.uasset" 209
"../../../Engine/Content/EngineSky/M_Sky_Panning_Clouds2.uasset" 210
"../../../Engine/Content/EngineSky/SM_SkySphere.uasset" 211
"../../../Engine/Content/EngineSky/BP_Sky_Sphere.uasset" 212
"../../../RobCogWeb/Content/Materials/M_KitchenDarkGray.uasset" 213
"../../../RobCogWeb/Content/Textures/T_KitchenGround.uasset" 214
"../../../RobCogWeb/Content/Materials/M_KitchenFloor.uasset" 215
"../../../RobCogWeb/Content/Materials/M_KitchenLightGray.uasset" 216
"../../../RobCogWeb/Content/Materials/M_KitchenWhite.uasset" 217
"../../../RobCogWeb/Content/Maps/SeparatedAreas/SinkArea.umap" 218
"../../../RobCogWeb/Content/Materials/M_OvenBlack.uasset" 219
"../../../RobCogWeb/Content/Materials/M_OvenGlass.uasset" 220
"../../../RobCogWeb/Content/Maps/SeparatedAreas/OvenArea.umap" 221
"../../../RobCogWeb/Content/Maps/SeparatedAreas/IslandArea.umap" 222
"../../../RobCogWeb/Content/Maps/SeparatedAreas/FridgeArea.umap" 223
"../../../Engine/Content/EngineMaterials/DefaultNormal.uasset" 224
"../../../Engine/Content/Maps/Entry.umap" 225
"../../../Engine/Content/VREditor/UI/RadialMenuCrosshair2.uasset" 226
"../../../Engine/Content/VREditor/UI/VRRadialCrosshair.uasset" 227
"../../../RobCogWeb/Content/Blueprints/MyCharacterHUD_BP.uasset" 228
"../../../RobCogWeb/Content/Blueprints/MyCharacter_BP.uasset" 229
"../../../RobCogWeb/Content/Textures/T_Frame_M.uasset" 230
"../../../RobCogWeb/Content/Textures/T_Frame_N.uasset" 231
"../../../RobCogWeb/Content/Materials/M_Frame.uasset" 232
"../../../RobCogWeb/Content/Materials/M_Glass.uasset" 233
"../../../Engine/Content/Functions/Engine_MaterialFunctions02/SplitComponents.uasset" 234
"../../../Engine/Content/Functions/Engine_MaterialFunctions02/Utility/VectorLength.uasset" 235
"../../../RobCogWeb/Content/HighlightMargins/MF_ConvolveTexture.uasset" 236
"../../../RobCogWeb/Content/HighlightMargins/MF_ExtractDepth.uasset" 237
"../../../RobCogWeb/Content/HighlightMargins/MF_SampleSceneTextureNeighbourUVs.uasset" 238
"../../../RobCogWeb/Content/HighlightMargins/PP_Outliner_M.uasset" 239
"../../../RobCogWeb/Content/HighlightMargins/PP_Outliner_Inst.uasset" 240
"../../../Engine/Content/EngineMaterials/DefaultDiffuse_TC_Masks.uasset" 241
"../../../RobCogWeb/Content/Materials/M_PosterImage.uasset" 242
"../../../RobCogWeb/Content/Textures/T_AILogoGB.uasset" 243
"../../../RobCogWeb/Content/Materials/M_AILogo.uasset" 244
"../../../RobCogWeb/Content/Textures/T_AcatPoster.uasset" 245
"../../../RobCogWeb/Content/Materials/M_PosterAcat.uasset" 246
"../../../RobCogWeb/Content/Textures/T_SaphariPoster.uasset" 247
"../../../RobCogWeb/Content/Materials/M_PosterSaphari.uasset" 248
"../../../RobCogWeb/Content/Textures/T_SherpaPoster.uasset" 249
"../../../RobCogWeb/Content/Materials/M_PosterSherpa.uasset" 250
"../../../RobCogWeb/Content/Textures/T_RobohowGB.uasset" 251
"../../../RobCogWeb/Content/Materials/M_RobohowLogo.uasset" 252
"../../../RobCogWeb/Content/Textures/T_UniLogoGB.uasset" 253
"../../../RobCogWeb/Content/Materials/M_UniLogo.uasset" 254
"../../../RobCogWeb/Content/StaticMeshes/Fridge/FridgeArea.uasset" 255
"../../../RobCogWeb/Content/StaticMeshes/Fridge/FridgeDoor.uasset" 256
"../../../RobCogWeb/Content/StaticMeshes/Fridge/FridgeDoorHandle.uasset" 257
"../../../RobCogWeb/Content/StaticMeshes/Fridge/FridgeDrawer.uasset" 258
"../../../RobCogWeb/Content/StaticMeshes/Fridge/FridgeDrawerHandle.uasset" 259
"../../../RobCogWeb/Content/StaticMeshes/Island/IslandArea.uasset" 260
"../../../RobCogWeb/Content/StaticMeshes/Island/IslandDrawerLarge.uasset" 261
"../../../RobCogWeb/Content/StaticMeshes/Island/IslandDrawerLargeHandle.uasset" 262
"../../../RobCogWeb/Content/StaticMeshes/Island/IslandDrawerSmall.uasset" 263
"../../../RobCogWeb/Content/StaticMeshes/Island/IslandDrawerSmallHandle.uasset" 264
"../../../RobCogWeb/Content/StaticMeshes/Items/ItemTextures/albi_himbeer_juice.uasset" 265
"../../../RobCogWeb/Content/StaticMeshes/Items/ItemTextures/Texture_004.uasset" 266
"../../../RobCogWeb/Content/StaticMeshes/Items/Consumables/AlbiHimbeerJuice.uasset" 267
"../../../RobCogWeb/Content/StaticMeshes/Items/ItemTextures/cappuccino2.uasset" 268
"../../../RobCogWeb/Content/StaticMeshes/Items/ItemTextures/Texture_006.uasset" 269
"../../../RobCogWeb/Content/StaticMeshes/Items/Consumables/Cappuccino.uasset" 270
"../../../RobCogWeb/Content/StaticMeshes/Items/ItemTextures/coffee_el_bryg.uasset" 271
"../../../RobCogWeb/Content/StaticMeshes/Items/ItemTextures/Texture_007.uasset" 272
"../../../RobCogWeb/Content/StaticMeshes/Items/Consumables/CoffeeElBryg.uasset" 273
"../../../RobCogWeb/Content/StaticMeshes/Items/ItemTextures/hela_curry_ketchup.uasset" 274
"../../../RobCogWeb/Content/StaticMeshes/Items/ItemTextures/Texture_001.uasset" 275
"../../../RobCogWeb/Content/StaticMeshes/Items/Consumables/HelaCurryKetchup.uasset" 276
"../../../RobCogWeb/Content/StaticMeshes/Items/ItemTextures/ja_mlich.uasset" 277
"../../../RobCogWeb/Content/StaticMeshes/Items/ItemTextures/Texture_009.uasset" 278
"../../../RobCogWeb/Content/StaticMeshes/Items/Consumables/JaMilch.uasset" 279
"../../../RobCogWeb/Content/StaticMeshes/Items/ItemTextures/kelloggs_toppas_mini.uasset" 280
"../../../RobCogWeb/Content/StaticMeshes/Items/ItemTextures/Texture_010.uasset" 281
"../../../RobCogWeb/Content/StaticMeshes/Items/Consumables/KelloggsToppasMini.uasset" 282
"../../../RobCogWeb/Content/StaticMeshes/Items/ItemTextures/knusper_schoko_keks.uasset" 283
"../../../RobCogWeb/Content/StaticMeshes/Items/ItemTextures/Texture_011.uasset" 284
"../../../RobCogWeb/Content/StaticMeshes/Items/Consumables/KnusperSchokoKeks.uasset" 285
"../../../RobCogWeb/Content/StaticMeshes/Items/ItemTextures/marken_salz.uasset" 286
"../../../RobCogWeb/Content/StaticMeshes/Items/ItemTextures/Texture_013.uasset" 287
"../../../RobCogWeb/Content/StaticMeshes/Items/Consumables/MarkenSalz.uasset" 288
"../../../RobCogWeb/Content/StaticMeshes/Items/ItemTextures/meer_salz.uasset" 289
"../../../RobCogWeb/Content/StaticMeshes/Items/ItemTextures/Texture_014.uasset" 290
"../../../RobCogWeb/Content/StaticMeshes/Items/Consumables/MeerSalz.uasset" 291
"../../../RobCogWeb/Content/StaticMeshes/Items/ItemTextures/pancake_mix_small.uasset" 292
"../../../RobCogWeb/Content/StaticMeshes/Items/ItemTextures/m1_003.uasset" 293
"../../../RobCogWeb/Content/StaticMeshes/Items/Consumables/Mondamin.uasset" 294
"../../../RobCogWeb/Content/StaticMeshes/Items/ItemTextures/nesquik_cereal.uasset" 295
"../../../RobCogWeb/Content/StaticMeshes/Items/ItemTextures/Texture_016.uasset" 296
"../../../RobCogWeb/Content/StaticMeshes/Items/Consumables/NesquikCereal.uasset" 297
"../../../RobCogWeb/Content/StaticMeshes/Items/ItemTextures/pfanner_pfirsch_icetea.uasset" 298
"../../../RobCogWeb/Content/StaticMeshes/Items/ItemTextures/Texture_018.uasset" 299
"../../../RobCogWeb/Content/StaticMeshes/Items/Consumables/PfannerPfirschIcetea.uasset" 300
"../../../RobCogWeb/Content/StaticMeshes/Items/ItemTextures/pringles_paprika.uasset" 301
"../../../RobCogWeb/Content/StaticMeshes/Items/ItemTextures/Texture_019.uasset" 302
"../../../RobCogWeb/Content/StaticMeshes/Items/Consumables/PringlesPaprika.uasset" 303
"../../../RobCogWeb/Content/StaticMeshes/Items/ItemTextures/pringles_vinegar.uasset" 304
"../../../RobCogWeb/Content/StaticMeshes/Items/ItemTextures/Texture_020.uasset" 305
"../../../RobCogWeb/Content/StaticMeshes/Items/Consumables/PringlesVinegar.uasset" 306
"../../../RobCogWeb/Content/StaticMeshes/Items/ItemTextures/ReineButterMilch2.uasset" 307
"../../../RobCogWeb/Content/StaticMeshes/Items/ItemTextures/Texture_022.uasset" 308
"../../../RobCogWeb/Content/StaticMeshes/Items/Consumables/ReineButterMilch.uasset" 309
"../../../RobCogWeb/Content/StaticMeshes/Items/ItemTextures/soja_milch.uasset" 310
"../../../RobCogWeb/Content/StaticMeshes/Items/ItemTextures/Texture_001_001.uasset" 311
"../../../RobCogWeb/Content/StaticMeshes/Items/Consumables/SojaMilch.uasset" 312
"../../../RobCogWeb/Content/StaticMeshes/Items/ItemTextures/spitzen_reis.uasset" 313
"../../../RobCogWeb/Content/StaticMeshes/Items/ItemTextures/Texture_023.uasset" 314
"../../../RobCogWeb/Content/StaticMeshes/Items/Consumables/SpitzenReis.uasset" 315
"../../../RobCogWeb/Content/StaticMeshes/Items/ItemTextures/tomato_small.uasset" 316
"../../../RobCogWeb/Content/StaticMeshes/Items/ItemTextures/m1_004.uasset" 317
"../../../RobCogWeb/Content/StaticMeshes/Items/Consumables/TomatoAlGustoBasilikum.uasset" 318
"../../../RobCogWeb/Content/StaticMeshes/Items/ItemTextures/tomato_sauce_oro_di_parma.uasset" 319
"../../../RobCogWeb/Content/StaticMeshes/Items/ItemTextures/Texture_024.uasset" 320
"../../../RobCogWeb/Content/StaticMeshes/Items/Consumables/TomatoSauceOroDiParma.uasset" 321
"../../../RobCogWeb/Content/StaticMeshes/Items/ItemTextures/Bowl_Grey_001_001.uasset" 322
"../../../RobCogWeb/Content/StaticMeshes/Items/ItemTextures/Color_001_001.uasset" 323
"../../../RobCogWeb/Content/StaticMeshes/Items/Silverware/BluePlasticBowl.uasset" 324
"../../../RobCogWeb/Content/StaticMeshes/Items/ItemTextures/blue_spotted_plate.uasset" 325
"../../../RobCogWeb/Content/StaticMeshes/Items/ItemTextures/Texture_005.uasset" 326
"../../../RobCogWeb/Content/StaticMeshes/Items/Silverware/BlueSpottedPlate.uasset" 327
"../../../RobCogWeb/Content/StaticMeshes/Items/ItemTextures/Bowl_001.uasset" 328
"../../../RobCogWeb/Content/StaticMeshes/Items/Silverware/Bowl.uasset" 329
"../../../RobCogWeb/Content/StaticMeshes/Items/Silverware/ButterKnife.uasset" 330
"../../../RobCogWeb/Content/Materials/M_KnifeGrey.uasset" 331
"../../../RobCogWeb/Content/Textures/T_KnifeShiny.uasset" 332
"../../../RobCogWeb/Content/Materials/M_KnifeShiny.uasset" 333
"../../../RobCogWeb/Content/Materials/M_KnifeWhite.uasset" 334
"../../../RobCogWeb/Content/StaticMeshes/Items/Silverware/KitchenKnife.uasset" 335
"../../../RobCogWeb/Content/StaticMeshes/Items/ItemTextures/linux_cup.uasset" 336
"../../../RobCogWeb/Content/StaticMeshes/Items/ItemTextures/Texture_012.uasset" 337
"../../../RobCogWeb/Content/StaticMeshes/Items/Silverware/LinuxCup.uasset" 338
"../../../RobCogWeb/Content/StaticMeshes/Items/Silverware/Mug.uasset" 339
"../../../RobCogWeb/Content/StaticMeshes/Items/ItemTextures/__auto_.uasset" 340
"../../../RobCogWeb/Content/StaticMeshes/Items/Silverware/Pan.uasset" 341
"../../../RobCogWeb/Content/StaticMeshes/Items/ItemTextures/Pot_red.uasset" 342
"../../../RobCogWeb/Content/StaticMeshes/Items/Silverware/RedCup.uasset" 343
"../../../RobCogWeb/Content/StaticMeshes/Items/ItemTextures/red_spotted_bowl.uasset" 344
"../../../RobCogWeb/Content/StaticMeshes/Items/ItemTextures/Texture_003.uasset" 345
"../../../RobCogWeb/Content/StaticMeshes/Items/Silverware/RedSpottedBowl.uasset" 346
"../../../RobCogWeb/Content/StaticMeshes/Items/ItemTextures/red_spotted_plate.uasset" 347
"../../../RobCogWeb/Content/StaticMeshes/Items/ItemTextures/Texture_021.uasset" 348
"../../../RobCogWeb/Content/StaticMeshes/Items/Silverware/RedSpottedPlate.uasset" 349
"../../../RobCogWeb/Content/StaticMeshes/Items/ItemTextures/Spatula2.uasset" 350
"../../../RobCogWeb/Content/StaticMeshes/Items/Silverware/Spatula.uasset" 351
"../../../RobCogWeb/Content/StaticMeshes/Items/ItemTextures/Color_004__001.uasset" 352
"../../../RobCogWeb/Content/StaticMeshes/Items/Silverware/Spoon.uasset" 353
"../../../RobCogWeb/Content/StaticMeshes/Items/ItemTextures/white_bowl.uasset" 354
"../../../RobCogWeb/Content/StaticMeshes/Items/ItemTextures/Texture_025.uasset" 355
"../../../RobCogWeb/Content/StaticMeshes/Items/Silverware/WhiteBowl.uasset" 356
"../../../RobCogWeb/Content/StaticMeshes/Items/ItemTextures/Texture_026.uasset" 357
"../../../RobCogWeb/Content/StaticMeshes/Items/Silverware/YellowPlate.uasset" 358
"../../../RobCogWeb/Content/Materials/M_DarkPorcelan.uasset" 359
"../../../RobCogWeb/Content/Materials/M_Porcelan.uasset" 360
"../../../RobCogWeb/Content/StaticMeshes/Misc/SM_DiningTable.uasset" 361
"../../../RobCogWeb/Content/StaticMeshes/Misc/SM_Floor.uasset" 362
"../../../RobCogWeb/Content/StaticMeshes/Misc/SM_GlassWindow.uasset" 363
"../../../RobCogWeb/Content/StaticMeshes/Misc/SM_LabWalls.uasset" 364
"../../../RobCogWeb/Content/Materials/M_PosterFrame.uasset" 365
"../../../RobCogWeb/Content/StaticMeshes/Misc/SM_PosterFrame.uasset" 366
"../../../RobCogWeb/Content/StaticMeshes/Misc/SM_PosterImage.uasset" 367
"../../../RobCogWeb/Content/StaticMeshes/Misc/SM_Roof.uasset" 368
"../../../RobCogWeb/Content/StaticMeshes/Misc/SM_WindowFrame.uasset" 369
"../../../RobCogWeb/Content/StaticMeshes/Oven/OvenArea.uasset" 370
"../../../RobCogWeb/Content/StaticMeshes/Oven/OvenDoor.uasset" 371
"../../../RobCogWeb/Content/StaticMeshes/Oven/OvenDoorHandle.uasset" 372
"../../../RobCogWeb/Content/StaticMeshes/Oven/OvenDrawerMiddleBot.uasset" 373
"../../../RobCogWeb/Content/StaticMeshes/Oven/OvenDrawerMiddleBotHandle.uasset" 374
"../../../RobCogWeb/Content/StaticMeshes/Oven/OvenDrawerMiddleTop.uasset" 375
"../../../RobCogWeb/Content/StaticMeshes/Oven/OvenDrawerMiddleTopHandle.uasset" 376
"../../../RobCogWeb/Content/StaticMeshes/Oven/OvenDrawerSide.uasset" 377
"../../../RobCogWeb/Content/StaticMeshes/Oven/OvenDrawerSideHandle.uasset" 378
"../../../RobCogWeb/Content/StaticMeshes/Sink/Sink.uasset" 379
"../../../RobCogWeb/Content/StaticMeshes/Sink/SinkArea.uasset" 380
"../../../RobCogWeb/Content/StaticMeshes/Sink/SinkDishwasherDoor.uasset" 381
"../../../RobCogWeb/Content/StaticMeshes/Sink/SinkDishwasherDoorHandle.uasset" 382
"../../../RobCogWeb/Content/StaticMeshes/Sink/SinkDrawerLeftBot.uasset" 383
"../../../RobCogWeb/Content/StaticMeshes/Sink/SinkDrawerLeftBotHandle.uasset" 384
"../../../RobCogWeb/Content/StaticMeshes/Sink/SinkDrawerLeftMid.uasset" 385
"../../../RobCogWeb/Content/StaticMeshes/Sink/SinkDrawerLeftMidHandle.uasset" 386
"../../../RobCogWeb/Content/StaticMeshes/Sink/SinkDrawerLeftTop.uasset" 387
"../../../RobCogWeb/Content/StaticMeshes/Sink/SinkDrawerLeftTopHandle.uasset" 388
"../../../RobCogWeb/Content/StaticMeshes/Sink/SinkDrawerRight.uasset" 389
"../../../RobCogWeb/Content/StaticMeshes/Sink/SinkDrawerRightHandle.uasset" 390
"../../../RobCogWeb/Content/Maps/KitchenSimple.umap" 391
"../../../RobCogWeb/Content/Maps/KitchenSemLog.umap" 392
